app/build/intermediates/manifest_merge_blame_file/debug/manifest-merger-blame-debug-report.txt
1<?xml version="1.0" encoding="utf-8"?>
2<manifest xmlns:android="http://schemas.android.com/apk/res/android"
3    package="com.example.peersrtls"
4    android:versionCode="1"
5    android:versionName="1.0" >
6
7    <uses-sdk
8        android:minSdkVersion="26"
8-->src\main\AndroidManifest.xml
9        android:targetSdkVersion="29" />
9-->src\main\AndroidManifest.xml
10
11    <uses-permission android:name="android.permission.INTERNET" />
11-->src\main\AndroidManifest.xml:5:5-67
11-->src\main\AndroidManifest.xml:5:22-64
12    <uses-permission android:name="android.permission.ACCESS_NETWORK_STATE" />
12-->src\main\AndroidManifest.xml:6:5-79
12-->src\main\AndroidManifest.xml:6:22-76
13    <uses-permission android:name="android.permission.ACCESS_COARSE_LOCATION" />
13-->src\main\AndroidManifest.xml:7:5-81
13-->src\main\AndroidManifest.xml:7:22-78
14    <uses-permission android:name="android.permission.ACCESS_FINE_LOCATION" />
14-->src\main\AndroidManifest.xml:8:5-79
14-->src\main\AndroidManifest.xml:8:22-76
15    <uses-permission android:name="android.permission.ACCESS_BACKGROUND_LOCATION" />
15-->src\main\AndroidManifest.xml:9:5-85
15-->src\main\AndroidManifest.xml:9:22-82
16    <uses-permission android:name="android.permission.FOREGROUND_SERVICE" />
16-->src\main\AndroidManifest.xml:10:5-77
16-->src\main\AndroidManifest.xml:10:22-74
17    <uses-permission android:name="android.permission.VIBRATE" />
17-->src\main\AndroidManifest.xml:11:5-66
17-->src\main\AndroidManifest.xml:11:22-63
18
19    <application
19-->src\main\AndroidManifest.xml:13:5-51:19
20        android:allowBackup="true"
20-->src\main\AndroidManifest.xml:14:9-35
21        android:appComponentFactory="androidx.core.app.CoreComponentFactory"
21-->[androidx.core:core:1.3.1] AndroidManifest.xml:24:18-86
22        android:debuggable="true"
23        android:extractNativeLibs="false"
24        android:icon="@mipmap/ic_launcher"
24-->src\main\AndroidManifest.xml:15:9-43
25        android:label="@string/app_name"
25-->src\main\AndroidManifest.xml:16:9-41
26        android:networkSecurityConfig="@xml/network_security_config"
26-->src\main\AndroidManifest.xml:17:9-69
27        android:roundIcon="@mipmap/ic_launcher_round"
27-->src\main\AndroidManifest.xml:18:9-54
28        android:supportsRtl="true"
28-->src\main\AndroidManifest.xml:19:9-35
29        android:testOnly="true"
30        android:theme="@style/AppTheme" >
30-->src\main\AndroidManifest.xml:20:9-40
31        <service
31-->src\main\AndroidManifest.xml:21:9-24:47
32            android:name="com.example.peersrtls.services.SessionService"
32-->src\main\AndroidManifest.xml:22:13-52
33            android:enabled="true"
33-->src\main\AndroidManifest.xml:23:13-35
34            android:exported="true" />
34-->src\main\AndroidManifest.xml:24:13-36
35        <service
35-->src\main\AndroidManifest.xml:25:9-28:39
36            android:name="com.example.peersrtls.services.LocationService"
36-->src\main\AndroidManifest.xml:26:13-53
37            android:enabled="true"
37-->src\main\AndroidManifest.xml:27:13-35
38            android:exported="true" />
38-->src\main\AndroidManifest.xml:28:13-36
39        <service
39-->src\main\AndroidManifest.xml:29:9-32:39
40            android:name="com.example.peersrtls.services.IMU_Service"
40-->src\main\AndroidManifest.xml:30:13-49
41            android:enabled="true"
41-->src\main\AndroidManifest.xml:31:13-35
42            android:exported="true" />
42-->src\main\AndroidManifest.xml:32:13-36
43        <service
43-->src\main\AndroidManifest.xml:33:9-39:45
44            android:name="com.example.peersrtls.services.GnssLocationService"
44-->src\main\AndroidManifest.xml:34:13-57
45            android:enabled="true"
45-->src\main\AndroidManifest.xml:35:13-35
46            android:exported="true"
46-->src\main\AndroidManifest.xml:36:13-36
47            android:foregroundServiceType="location"
47-->src\main\AndroidManifest.xml:37:13-53
48            android:label="GnssLocation Service"
48-->src\main\AndroidManifest.xml:38:13-49
49            android:process=":my_service" />
49-->src\main\AndroidManifest.xml:39:13-42
50
51        <activity
51-->src\main\AndroidManifest.xml:41:9-50:20
52            android:name="com.example.peersrtls.MainActivity"
52-->src\main\AndroidManifest.xml:42:13-41
53            android:label="@string/app_name"
53-->src\main\AndroidManifest.xml:43:13-45
54            android:theme="@style/AppTheme.NoActionBar" >
54-->src\main\AndroidManifest.xml:44:13-56
55            <intent-filter>
55-->src\main\AndroidManifest.xml:45:13-49:29
56                <action android:name="android.intent.action.MAIN" />
56-->src\main\AndroidManifest.xml:46:17-69
56-->src\main\AndroidManifest.xml:46:25-66
57
58                <category android:name="android.intent.category.LAUNCHER" />
58-->src\main\AndroidManifest.xml:48:17-77
58-->src\main\AndroidManifest.xml:48:27-74
59            </intent-filter>
60        </activity>
61
62        <provider
62-->[androidx.lifecycle:lifecycle-process:2.2.0] AndroidManifest.xml:25:9-29:43
63            android:name="androidx.lifecycle.ProcessLifecycleOwnerInitializer"
63-->[androidx.lifecycle:lifecycle-process:2.2.0] AndroidManifest.xml:26:13-79
64            android:authorities="com.example.peersrtls.lifecycle-process"
64-->[androidx.lifecycle:lifecycle-process:2.2.0] AndroidManifest.xml:27:13-69
65            android:exported="false"
65-->[androidx.lifecycle:lifecycle-process:2.2.0] AndroidManifest.xml:28:13-37
66            android:multiprocess="true" />
66-->[androidx.lifecycle:lifecycle-process:2.2.0] AndroidManifest.xml:29:13-40
67    </application>
68
69</manifest>